<?xml version="1.0" encoding="UTF-8"?>
<!-- Generated by org.testng.reporters.JUnitReportReporter -->
<testsuite hostname="DESKTOP-RMVDHMS" failures="0" tests="3" name="hcyclewala.Day2" time="0.004" errors="0" timestamp="2024-09-28T09:15:01 IST" skipped="0">
  <testcase classname="hcyclewala.Day2" name="ploan" time="0.001"/>
  <testcase classname="hcyclewala.Day2" name="ploan" time="0.001"/>
  <testcase classname="hcyclewala.Day2" name="ploan" time="0.002"/>
</testsuite> <!-- hcyclewala.Day2 -->
