<?xml version="1.0" encoding="UTF-8"?>
<!-- Generated by org.testng.reporters.JUnitReportReporter -->
<testsuite hostname="DESKTOP-RMVDHMS" failures="0" tests="2" name="hcyclewala.Day4" time="0.001" errors="0" timestamp="2024-09-28T09:15:01 IST" skipped="1">
  <testcase classname="hcyclewala.Day4" name="postRequisite" time="0.001"/>
  <testcase classname="hcyclewala.Day4" name="mobileloginHomeLoan">
    <skipped/>
  </testcase> <!-- mobileloginHomeLoan -->
</testsuite> <!-- hcyclewala.Day4 -->
