<?xml version="1.0" encoding="UTF-8"?>
<!-- Generated by org.testng.reporters.JUnitReportReporter -->
<testsuite hostname="DESKTOP-RMVDHMS" failures="0" tests="1" name="hcyclewala.AppTest" time="0.002" errors="0" timestamp="2024-09-28T09:15:01 IST" skipped="0">
  <testcase classname="hcyclewala.AppTest" name="demo" time="0.002"/>
</testsuite> <!-- hcyclewala.AppTest -->
